{'ORACLE001': 'OqUDfi3tYjxQ82JwAAAB'}
User ORACLE001 connected with SID OqUDfi3tYjxQ82JwAAAB
User ORACLE001 disconnected.
{'ORACLE001': 'vy-wjE5RW7_aXOqyAAAD'}
User ORACLE001 connected with SID vy-wjE5RW7_aXOqyAAAD
{'ORACLE001': 'vy-wjE5RW7_aXOqyAAAD', 'ORACLE002': 'jo_BxYMgEKD_LSBVAAAF'}
User ORACLE002 connected with SID jo_BxYMgEKD_LSBVAAAF
Request ID: 14104D25FADB54C6E0636402000A2D84. The NEW_ACCOUNT operation's status is: COMPLETED
ORACLE002
{'ORACLE001': 'vy-wjE5RW7_aXOqyAAAD', 'ORACLE002': 'qTUhUCA_1R1yJkF7AAAH'}
User ORACLE002 connected with SID qTUhUCA_1R1yJkF7AAAH
User ORACLE002 disconnected.
{'ORACLE001': 'vy-wjE5RW7_aXOqyAAAD', 'ORACLE002': 'At-l30upmolZMkgTAAAJ'}
User ORACLE002 connected with SID At-l30upmolZMkgTAAAJ
User ORACLE001 disconnected.
{'ORACLE001': 'P7Q3uBeJuPjHwOJUAAAL', 'ORACLE002': 'At-l30upmolZMkgTAAAJ'}
User ORACLE001 connected with SID P7Q3uBeJuPjHwOJUAAAL
User ORACLE002 disconnected.
User ORACLE002 disconnected.
{'ORACLE001': 'P7Q3uBeJuPjHwOJUAAAL', 'ORACLE002': 'QwoKJ0BIhXVxSx-RAAAN'}
User ORACLE002 connected with SID QwoKJ0BIhXVxSx-RAAAN
User ORACLE002 disconnected.
{'ORACLE001': 'P7Q3uBeJuPjHwOJUAAAL', 'ORACLE002': 'yZwIBehynjY_a5_bAAAP'}
User ORACLE002 connected with SID yZwIBehynjY_a5_bAAAP
Request ID: 14105C38F78654C8E0636402000AAB21. The TRANSFER operation's status is: COMPLETED
ORACLE001
{'ORACLE001': 'A6XEc1I2useRJzHEAAAR', 'ORACLE002': 'yZwIBehynjY_a5_bAAAP'}
User ORACLE001 connected with SID A6XEc1I2useRJzHEAAAR
User ORACLE001 disconnected.
User ORACLE002 disconnected.
{'ORACLE001': 'A6XEc1I2useRJzHEAAAR', 'ORACLE002': 'k6GT0kBrzjxVStL8AAAT'}
User ORACLE002 connected with SID k6GT0kBrzjxVStL8AAAT
User ORACLE002 disconnected.
{'ORACLE001': 'A6XEc1I2useRJzHEAAAR', 'ORACLE002': 'amIEEKWvSsXLVJsOAAAV'}
User ORACLE002 connected with SID amIEEKWvSsXLVJsOAAAV
User ORACLE002 disconnected.
{'ORACLE001': 'A6XEc1I2useRJzHEAAAR', 'ORACLE002': 'Ra--ftOmVkY_PEQeAAAX'}
User ORACLE002 connected with SID Ra--ftOmVkY_PEQeAAAX
User ORACLE002 disconnected.
{'ORACLE001': 'A6XEc1I2useRJzHEAAAR', 'ORACLE002': 'Q-GyT-mskcddu26_AAAZ'}
User ORACLE002 connected with SID Q-GyT-mskcddu26_AAAZ
User ORACLE002 disconnected.
{'ORACLE001': 'A6XEc1I2useRJzHEAAAR', 'ORACLE002': 'lrJzpScIrrljTnDPAAAb'}
User ORACLE002 connected with SID lrJzpScIrrljTnDPAAAb
Request ID: 14104D25FADC54C6E0636402000A2D84. The NEW_CREDIT_CARD operation's status is: COMPLETED
ORACLE002
User ORACLE002 disconnected.
{'ORACLE001': 'A6XEc1I2useRJzHEAAAR', 'ORACLE002': 'ekDyYv0bLLS1IoR-AAAd'}
User ORACLE002 connected with SID ekDyYv0bLLS1IoR-AAAd
User ORACLE001 disconnected.
{'ORACLE001': '8uy3b6ZadPc9TPKVAAAf', 'ORACLE002': 'ekDyYv0bLLS1IoR-AAAd'}
User ORACLE001 connected with SID 8uy3b6ZadPc9TPKVAAAf
User ORACLE001 disconnected.
{'ORACLE001': 'oFCMkfRmtyPv2QXjAAAh', 'ORACLE002': 'ekDyYv0bLLS1IoR-AAAd'}
User ORACLE001 connected with SID oFCMkfRmtyPv2QXjAAAh
User ORACLE001 disconnected.
{'ORACLE001': 'pZCyTy7BsCuBoS6vAAAj', 'ORACLE002': 'ekDyYv0bLLS1IoR-AAAd'}
User ORACLE001 connected with SID pZCyTy7BsCuBoS6vAAAj
User ORACLE001 disconnected.
User ORACLE002 disconnected.
{'ORACLE001': 'pZCyTy7BsCuBoS6vAAAj', 'ORACLE002': 'cjwVx3o1Orsom7LKAAAl'}
User ORACLE002 connected with SID cjwVx3o1Orsom7LKAAAl
{'ORACLE001': 'MziU7_bRIRYyPJl5AAAn', 'ORACLE002': 'cjwVx3o1Orsom7LKAAAl'}
User ORACLE001 connected with SID MziU7_bRIRYyPJl5AAAn
Request ID: 14105C38F78754C8E0636402000AAB21. The TRANSFER operation's status is: FAILED
ORACLE001
User ORACLE001 disconnected.
{'ORACLE001': 'QT8ZU7-uY4DBebCnAAAp', 'ORACLE002': 'cjwVx3o1Orsom7LKAAAl'}
User ORACLE001 connected with SID QT8ZU7-uY4DBebCnAAAp
User ORACLE002 disconnected.
{'ORACLE001': 'QT8ZU7-uY4DBebCnAAAp', 'ORACLE002': 'mp8caMLNXmGi1RmdAAAr'}
User ORACLE002 connected with SID mp8caMLNXmGi1RmdAAAr
User ORACLE002 disconnected.
{'ORACLE001': 'QT8ZU7-uY4DBebCnAAAp', 'ORACLE002': 'mqEvCuKxMDoox4CEAAAt'}
User ORACLE002 connected with SID mqEvCuKxMDoox4CEAAAt
User ORACLE002 disconnected.
{'ORACLE001': 'QT8ZU7-uY4DBebCnAAAp', 'ORACLE002': 'lyM4EiBfSvocoHz5AAAv'}
User ORACLE002 connected with SID lyM4EiBfSvocoHz5AAAv
User ORACLE001 disconnected.
{'ORACLE001': 'm5PNleSkDOSNWgDzAAAx', 'ORACLE002': 'lyM4EiBfSvocoHz5AAAv'}
User ORACLE001 connected with SID m5PNleSkDOSNWgDzAAAx
User ORACLE001 disconnected.
{'ORACLE001': 'HuDuranrFtEtF0UuAAAz', 'ORACLE002': 'lyM4EiBfSvocoHz5AAAv'}
User ORACLE001 connected with SID HuDuranrFtEtF0UuAAAz
User ORACLE001 disconnected.
{'ORACLE001': 'qGScfS6LJfN98DiEAAA1', 'ORACLE002': 'lyM4EiBfSvocoHz5AAAv'}
User ORACLE001 connected with SID qGScfS6LJfN98DiEAAA1
User ORACLE002 disconnected.
{'ORACLE001': 'qGScfS6LJfN98DiEAAA1', 'ORACLE002': 'yciTyZY36ggTMEzBAAA3'}
User ORACLE002 connected with SID yciTyZY36ggTMEzBAAA3
User ORACLE002 disconnected.
{'ORACLE001': 'qGScfS6LJfN98DiEAAA1', 'ORACLE002': 'j8Mf_sI3gN-hAlYuAAA5'}
User ORACLE002 connected with SID j8Mf_sI3gN-hAlYuAAA5
User ORACLE002 disconnected.
{'ORACLE001': 'qGScfS6LJfN98DiEAAA1', 'ORACLE002': 'Sl_2xIWRu9jmGs6ZAAA7'}
User ORACLE002 connected with SID Sl_2xIWRu9jmGs6ZAAA7
User ORACLE001 disconnected.
{'ORACLE001': 'yvMFYA42MXxnD0_WAAA9', 'ORACLE002': 'Sl_2xIWRu9jmGs6ZAAA7'}
User ORACLE001 connected with SID yvMFYA42MXxnD0_WAAA9
User ORACLE001 disconnected.
{'ORACLE001': 'mwDL4M01LPoX8buNAAA_', 'ORACLE002': 'Sl_2xIWRu9jmGs6ZAAA7'}
User ORACLE001 connected with SID mwDL4M01LPoX8buNAAA_
User ORACLE001 disconnected.
{'ORACLE001': 'adHQoDjUKGh56bK8AABB', 'ORACLE002': 'Sl_2xIWRu9jmGs6ZAAA7'}
User ORACLE001 connected with SID adHQoDjUKGh56bK8AABB
Request ID: 14104D25FADD54C6E0636402000A2D84. The TRANSFER operation's status is: FAILED
ORACLE001
{'ORACLE001': 'OXrc2KB7g4bNS5H1AABD', 'ORACLE002': 'Sl_2xIWRu9jmGs6ZAAA7'}
User ORACLE001 connected with SID OXrc2KB7g4bNS5H1AABD
User ORACLE002 disconnected.
{'ORACLE001': 'OXrc2KB7g4bNS5H1AABD', 'ORACLE002': 'gnshDeuvTSJ2HjXvAABF'}
User ORACLE002 connected with SID gnshDeuvTSJ2HjXvAABF
Request ID: 14105C38F78854C8E0636402000AAB21. The NEW_CREDIT_CARD operation's status is: COMPLETED
ORACLE002
User ORACLE001 disconnected.
{'ORACLE001': 'KFN3fwjB3MaJC0rRAABH', 'ORACLE002': 'gnshDeuvTSJ2HjXvAABF'}
User ORACLE001 connected with SID KFN3fwjB3MaJC0rRAABH
User ORACLE001 disconnected.
{'ORACLE001': 'oGj827beqXVQklf4AABJ', 'ORACLE002': 'gnshDeuvTSJ2HjXvAABF'}
User ORACLE001 connected with SID oGj827beqXVQklf4AABJ
User ORACLE001 disconnected.
{'ORACLE001': 'oGj827beqXVQklf4AABJ', 'ORACLE002': '0IYjW5TgNOZFVLQKAABL'}
User ORACLE002 connected with SID 0IYjW5TgNOZFVLQKAABL
User ORACLE002 disconnected.
User ORACLE001 disconnected.
User ORACLE002 disconnected.
{'ORACLE001': 'zTvySxkwXmQC60NLAABN', 'ORACLE002': '0IYjW5TgNOZFVLQKAABL'}
User ORACLE001 connected with SID zTvySxkwXmQC60NLAABN
User ORACLE001 disconnected.
{'ORACLE001': 'pAuiANioAkhITNrGAABP', 'ORACLE002': '0IYjW5TgNOZFVLQKAABL'}
User ORACLE001 connected with SID pAuiANioAkhITNrGAABP
User ORACLE001 disconnected.
{'ORACLE001': 'Y16B23-hd7CJdYOmAABR', 'ORACLE002': '0IYjW5TgNOZFVLQKAABL'}
User ORACLE001 connected with SID Y16B23-hd7CJdYOmAABR
Request ID: 14104D25FADE54C6E0636402000A2D84. The TRANSFER operation's status is: COMPLETED
ORACLE001
{'ORACLE001': 'q5p6HwEIEsSiovLIAABT', 'ORACLE002': '0IYjW5TgNOZFVLQKAABL'}
User ORACLE001 connected with SID q5p6HwEIEsSiovLIAABT
User ORACLE001 disconnected.
User ORACLE001 disconnected.
{'ORACLE001': '2SjVlvCdkkAZ4VVfAABV', 'ORACLE002': '0IYjW5TgNOZFVLQKAABL'}
User ORACLE001 connected with SID 2SjVlvCdkkAZ4VVfAABV
User ORACLE001 disconnected.
{'ORACLE001': '_yMvDG3pnGkk4JxpAABX', 'ORACLE002': '0IYjW5TgNOZFVLQKAABL'}
User ORACLE001 connected with SID _yMvDG3pnGkk4JxpAABX
User ORACLE001 disconnected.
{'ORACLE001': 'tlJzyBgn1lnr5NzZAABZ', 'ORACLE002': '0IYjW5TgNOZFVLQKAABL'}
User ORACLE001 connected with SID tlJzyBgn1lnr5NzZAABZ
User ORACLE001 disconnected.
{'ORACLE001': '2_wsUsjxNOd96HH8AABb', 'ORACLE002': '0IYjW5TgNOZFVLQKAABL'}
User ORACLE001 connected with SID 2_wsUsjxNOd96HH8AABb
Request ID: 14105C38F78954C8E0636402000AAB21. The TRANSFER operation's status is: FAILED
ORACLE001
User ORACLE001 disconnected.
{'ORACLE001': 'fOKWe2gvwf7tk6MOAABd', 'ORACLE002': '0IYjW5TgNOZFVLQKAABL'}
User ORACLE001 connected with SID fOKWe2gvwf7tk6MOAABd